e:\1. university\year 4 (honours year)\term 1\serious games\repo\serious games project\serious games project\debug\vc142.pdb
e:\1. university\year 4 (honours year)\term 1\serious games\repo\serious games project\serious games project\debug\vc142.idb
e:\1. university\year 4 (honours year)\term 1\serious games\repo\serious games project\serious games project\debug\window.obj
e:\1. university\year 4 (honours year)\term 1\serious games\repo\serious games project\serious games project\debug\main.obj
e:\1. university\year 4 (honours year)\term 1\serious games\repo\serious games project\serious games project\debug\game.obj
e:\1. university\year 4 (honours year)\term 1\serious games\repo\serious games project\serious games project\debug\playsound.obj
e:\1. university\year 4 (honours year)\term 1\serious games\repo\serious games project\serious games project\debug\loadtexture.obj
e:\1. university\year 4 (honours year)\term 1\serious games\repo\serious games project\serious games project\debug\rt3d.obj
e:\1. university\year 4 (honours year)\term 1\serious games\repo\serious games project\serious games project\debug\rt3dobjloader.obj
e:\1. university\year 4 (honours year)\term 1\serious games\repo\serious games project\debug\serious games project.exe
e:\1. university\year 4 (honours year)\term 1\serious games\repo\serious games project\debug\serious games project.ilk
e:\1. university\year 4 (honours year)\term 1\serious games\repo\serious games project\debug\serious games project.pdb
e:\1. university\year 4 (honours year)\term 1\serious games\repo\serious games project\serious games project\debug\vcpkg.applocal.log
e:\1. university\year 4 (honours year)\term 1\serious games\repo\serious games project\debug\glew32d.dll
e:\1. university\year 4 (honours year)\term 1\serious games\repo\serious games project\debug\sdl2_image.dll
e:\1. university\year 4 (honours year)\term 1\serious games\repo\serious games project\debug\sdl2_ttf.dll
e:\1. university\year 4 (honours year)\term 1\serious games\repo\serious games project\debug\sdl2d.dll
e:\1. university\year 4 (honours year)\term 1\serious games\repo\serious games project\debug\freetyped.dll
e:\1. university\year 4 (honours year)\term 1\serious games\repo\serious games project\debug\zlibd1.dll
e:\1. university\year 4 (honours year)\term 1\serious games\repo\serious games project\debug\bz2d.dll
e:\1. university\year 4 (honours year)\term 1\serious games\repo\serious games project\debug\libpng16d.dll
e:\1. university\year 4 (honours year)\term 1\serious games\repo\serious games project\serious games project\debug\game.obj.enc
e:\1. university\year 4 (honours year)\term 1\serious games\repo\serious games project\serious games project\debug\serious .c7584d33.tlog\cl.command.1.tlog
e:\1. university\year 4 (honours year)\term 1\serious games\repo\serious games project\serious games project\debug\serious .c7584d33.tlog\cl.read.1.tlog
e:\1. university\year 4 (honours year)\term 1\serious games\repo\serious games project\serious games project\debug\serious .c7584d33.tlog\cl.write.1.tlog
e:\1. university\year 4 (honours year)\term 1\serious games\repo\serious games project\serious games project\debug\serious .c7584d33.tlog\link.command.1.tlog
e:\1. university\year 4 (honours year)\term 1\serious games\repo\serious games project\serious games project\debug\serious .c7584d33.tlog\link.read.1.tlog
e:\1. university\year 4 (honours year)\term 1\serious games\repo\serious games project\serious games project\debug\serious .c7584d33.tlog\link.write.1.tlog
e:\1. university\year 4 (honours year)\term 1\serious games\repo\serious games project\serious games project\debug\serious .c7584d33.tlog\serious games project.write.1u.tlog
